This is pdfTeX, Version 3.14159265-2.6-1.40.19 (MiKTeX 2.9.6880 64-bit) (preloaded format=pdflatex 2018.12.13)  22 APR 2020 16:45
entering extended mode
**./sagej.cls
(sagej.cls
LaTeX2e <2018-04-01> patch level 5

LaTeX Warning: You have requested package `',
               but the package provides `sagej'.

Package: sagej 2017/01/17 v1.20\ sagej.cls

! LaTeX Error: Missing \begin{document}.

See the LaTeX manual or LaTeX Companion for explanation.
Type  H <return>  for immediate help.
 ...                                              
                                                  
l.47 \newif\if@
               timesfont
You're in trouble here.  Try typing  <return>  to proceed.
If that doesn't work, type  X <return>  to quit.

Missing character: There is no @ in font nullfont!
Missing character: There is no t in font nullfont!
Missing character: There is no i in font nullfont!
Missing character: There is no m in font nullfont!
Missing character: There is no e in font nullfont!
Missing character: There is no s in font nullfont!
Missing character: There is no f in font nullfont!
Missing character: There is no o in font nullfont!
Missing character: There is no n in font nullfont!
Missing character: There is no t in font nullfont!

Overfull \hbox (20.0pt too wide) in paragraph at lines 47--50
[]
 []


! LaTeX Error: Missing \begin{document}.

See the LaTeX manual or LaTeX Companion for explanation.
Type  H <return>  for immediate help.
 ...                                              
                                                  
l.51 \newif\if@
               doublespace
You're in trouble here.  Try typing  <return>  to proceed.
If that doesn't work, type  X <return>  to quit.

Missing character: There is no @ in font nullfont!
Missing character: There is no d in font nullfont!
Missing character: There is no o in font nullfont!
Missing character: There is no u in font nullfont!
Missing character: There is no b in font nullfont!
Missing character: There is no l in font nullfont!
Missing character: There is no e in font nullfont!
Missing character: There is no s in font nullfont!
Missing character: There is no p in font nullfont!
Missing character: There is no a in font nullfont!
Missing character: There is no c in font nullfont!
Missing character: There is no e in font nullfont!

Overfull \hbox (20.0pt too wide) in paragraph at lines 51--54
[]
 []


! LaTeX Error: Missing \begin{document}.

See the LaTeX manual or LaTeX Companion for explanation.
Type  H <return>  for immediate help.
 ...                                              
                                                  
l.55 \newif\if@
               sageh
You're in trouble here.  Try typing  <return>  to proceed.
If that doesn't work, type  X <return>  to quit.

Missing character: There is no @ in font nullfont!
Missing character: There is no s in font nullfont!
Missing character: There is no a in font nullfont!
Missing character: There is no g in font nullfont!
Missing character: There is no e in font nullfont!
Missing character: There is no h in font nullfont!

Overfull \hbox (20.0pt too wide) in paragraph at lines 55--58
[]
 []


! LaTeX Error: Missing \begin{document}.

See the LaTeX manual or LaTeX Companion for explanation.
Type  H <return>  for immediate help.
 ...                                              
                                                  
l.59 \newif\if@
               sagev
You're in trouble here.  Try typing  <return>  to proceed.
If that doesn't work, type  X <return>  to quit.

Missing character: There is no @ in font nullfont!
Missing character: There is no s in font nullfont!
Missing character: There is no a in font nullfont!
Missing character: There is no g in font nullfont!
Missing character: There is no e in font nullfont!
Missing character: There is no v in font nullfont!

Overfull \hbox (20.0pt too wide) in paragraph at lines 59--62
[]
 []


! LaTeX Error: Missing \begin{document}.

See the LaTeX manual or LaTeX Companion for explanation.
Type  H <return>  for immediate help.
 ...                                              
                                                  
l.63 \newif\if@
               sageapa
You're in trouble here.  Try typing  <return>  to proceed.
If that doesn't work, type  X <return>  to quit.

Missing character: There is no @ in font nullfont!
Missing character: There is no s in font nullfont!
Missing character: There is no a in font nullfont!
Missing character: There is no g in font nullfont!
Missing character: There is no e in font nullfont!
Missing character: There is no a in font nullfont!
Missing character: There is no p in font nullfont!
Missing character: There is no a in font nullfont!

Overfull \hbox (20.0pt too wide) in paragraph at lines 63--66
[]
 []


! LaTeX Error: Missing \begin{document}.

See the LaTeX manual or LaTeX Companion for explanation.
Type  H <return>  for immediate help.
 ...                                              
                                                  
l.68 \newif\if@
               shortAfour
You're in trouble here.  Try typing  <return>  to proceed.
If that doesn't work, type  X <return>  to quit.

Missing character: There is no @ in font nullfont!
Missing character: There is no s in font nullfont!
Missing character: There is no h in font nullfont!
Missing character: There is no o in font nullfont!
Missing character: There is no r in font nullfont!
Missing character: There is no t in font nullfont!
Missing character: There is no A in font nullfont!
Missing character: There is no f in font nullfont!
Missing character: There is no o in font nullfont!
Missing character: There is no u in font nullfont!
Missing character: There is no r in font nullfont!

Overfull \hbox (20.0pt too wide) in paragraph at lines 68--71
[]
 []


! LaTeX Error: Missing \begin{document}.

See the LaTeX manual or LaTeX Companion for explanation.
Type  H <return>  for immediate help.
 ...                                              
                                                  
l.72 \newif\if@
               Afour
You're in trouble here.  Try typing  <return>  to proceed.
If that doesn't work, type  X <return>  to quit.

Missing character: There is no @ in font nullfont!
Missing character: There is no A in font nullfont!
Missing character: There is no f in font nullfont!
Missing character: There is no o in font nullfont!
Missing character: There is no u in font nullfont!
Missing character: There is no r in font nullfont!

Overfull \hbox (20.0pt too wide) in paragraph at lines 72--75
[]
 []


! LaTeX Error: Missing \begin{document}.

See the LaTeX manual or LaTeX Companion for explanation.
Type  H <return>  for immediate help.
 ...                                              
                                                  
l.76 \newif\if@
               MCfour
You're in trouble here.  Try typing  <return>  to proceed.
If that doesn't work, type  X <return>  to quit.

Missing character: There is no @ in font nullfont!
Missing character: There is no M in font nullfont!
Missing character: There is no C in font nullfont!
Missing character: There is no f in font nullfont!
Missing character: There is no o in font nullfont!
Missing character: There is no u in font nullfont!
Missing character: There is no r in font nullfont!

Overfull \hbox (20.0pt too wide) in paragraph at lines 76--79
[]
 []


! LaTeX Error: Missing \begin{document}.

See the LaTeX manual or LaTeX Companion for explanation.
Type  H <return>  for immediate help.
 ...                                              
                                                  
l.80 \newif\if@
               PCfour
You're in trouble here.  Try typing  <return>  to proceed.
If that doesn't work, type  X <return>  to quit.

Missing character: There is no @ in font nullfont!
Missing character: There is no P in font nullfont!
Missing character: There is no C in font nullfont!
Missing character: There is no f in font nullfont!
Missing character: There is no o in font nullfont!
Missing character: There is no u in font nullfont!
Missing character: There is no r in font nullfont!

Overfull \hbox (20.0pt too wide) in paragraph at lines 80--83
[]
 []


! LaTeX Error: Missing \begin{document}.

See the LaTeX manual or LaTeX Companion for explanation.
Type  H <return>  for immediate help.
 ...                                              
                                                  
l.84 \newif\if@
               Royal
You're in trouble here.  Try typing  <return>  to proceed.
If that doesn't work, type  X <return>  to quit.

Missing character: There is no @ in font nullfont!
Missing character: There is no R in font nullfont!
Missing character: There is no o in font nullfont!
Missing character: There is no y in font nullfont!
Missing character: There is no a in font nullfont!
Missing character: There is no l in font nullfont!

Overfull \hbox (20.0pt too wide) in paragraph at lines 84--87
[]
 []


! LaTeX Error: Missing \begin{document}.

See the LaTeX manual or LaTeX Companion for explanation.
Type  H <return>  for immediate help.
 ...                                              
                                                  
l.88 \newif\if@
               Crown
You're in trouble here.  Try typing  <return>  to proceed.
If that doesn't work, type  X <return>  to quit.

Missing character: There is no @ in font nullfont!
Missing character: There is no C in font nullfont!
Missing character: There is no r in font nullfont!
Missing character: There is no o in font nullfont!
Missing character: There is no w in font nullfont!
Missing character: There is no n in font nullfont!

Overfull \hbox (20.0pt too wide) in paragraph at lines 88--91
[]
 []


! LaTeX Error: Missing \begin{document}.

See the LaTeX manual or LaTeX Companion for explanation.
Type  H <return>  for immediate help.
 ...                                              
                                                  
l.92 \newif\if@
               Review
You're in trouble here.  Try typing  <return>  to proceed.
If that doesn't work, type  X <return>  to quit.

Missing character: There is no @ in font nullfont!
Missing character: There is no R in font nullfont!
Missing character: There is no e in font nullfont!
Missing character: There is no v in font nullfont!
Missing character: There is no i in font nullfont!
Missing character: There is no e in font nullfont!
Missing character: There is no w in font nullfont!

Overfull \hbox (20.0pt too wide) in paragraph at lines 92--95
[]
 []

("C:\Users\User\AppData\Local\Programs\MiKTeX 2.9\tex\latex\base\article.cls"
Document Class: article 2014/09/29 v1.4h Standard LaTeX document class
("C:\Users\User\AppData\Local\Programs\MiKTeX 2.9\tex\latex\base\size10.clo"
File: size10.clo 2014/09/29 v1.4h Standard LaTeX file (size option)

! Font OT1/cmr/m/n/10= not loadable: Metric (TFM) file not found.
<to be read again> 
                   relax 
l.109     \ifdim\@tempdima>
                           2\@tempdimb\relax
I wasn't able to read the size data for this font,
so I will ignore the font specification.
[Wizards can fix TFM files using TFtoPL/PLtoTF.]
You might try inserting a different font spec;
e.g., type `I\font<same font id>=<substitute font name>'.

! Extra \else.
l.114   \else
             
I'm ignoring this; it doesn't match any \if.

)
\c@part=\count80
\c@section=\count81
\c@subsection=\count82
\c@subsubsection=\count83
\c@paragraph=\count84
\c@subparagraph=\count85
\c@figure=\count86
\c@table=\count87
\abovecaptionskip=\skip41
\belowcaptionskip=\skip42
\bibindent=\dimen102
Missing character: There is no 1 in font nullfont!
 [1])
("C:\Users\User\AppData\Local\Programs\MiKTeX 2.9\tex\latex\graphics\graphicx.s
ty"
Package: graphicx 2017/06/01 v1.1a Enhanced LaTeX Graphics (DPC,SPQR)

("C:\Users\User\AppData\Local\Programs\MiKTeX 2.9\tex\latex\graphics\keyval.sty
"
Package: keyval 2014/10/28 v1.15 key=value parser (DPC)
\KV@toks@=\toks14
)
("C:\Users\User\AppData\Local\Programs\MiKTeX 2.9\tex\latex\graphics\graphics.s
ty"
Package: graphics 2017/06/25 v1.2c Standard LaTeX Graphics (DPC,SPQR)

("C:\Users\User\AppData\Local\Programs\MiKTeX 2.9\tex\latex\graphics\trig.sty"
Package: trig 2016/01/03 v1.10 sin cos tan (DPC)
)
("C:\Users\User\AppData\Local\Programs\MiKTeX 2.9\tex\latex\graphics-cfg\graphi
cs.cfg"
File: graphics.cfg 2016/06/04 v1.11 sample graphics configuration
)
Package graphics Info: Driver file: pdftex.def on input line 99.

("C:\Users\User\AppData\Local\Programs\MiKTeX 2.9\tex\latex\graphics-def\pdftex
.def"
File: pdftex.def 2018/01/08 v1.0l Graphics/color driver for pdftex
))
\Gin@req@height=\dimen103
\Gin@req@width=\dimen104
)
("C:\Users\User\AppData\Local\Programs\MiKTeX 2.9\tex\latex\base\latexsym.sty"
Package: latexsym 1998/08/17 v2.2e Standard LaTeX package (lasy symbols)
\symlasy=\mathgroup4
LaTeX Font Info:    Overwriting symbol font `lasy' in version `bold'
(Font)                  U/lasy/m/n --> U/lasy/b/n on input line 52.

! Improper alphabetic constant.
<to be read again> 
                   \mho 
l.59 ...reMathSymbol\mho     {\mathord}{lasy}{"30}
                                                  
A one-character control sequence belongs after a ` mark.
So I'm essentially inserting \0 here.

! Undefined control sequence.
<recently read> \mho 
                     
l.59 ...reMathSymbol\mho     {\mathord}{lasy}{"30}
                                                  
The control sequence at the end of the top line
of your error message was never \def'ed. If you have
misspelled it (e.g., `\hobx'), type `I' and the correct
spelling (e.g., `I\hbox'). Otherwise just continue,
and I'll forget about whatever was undefined.

! Improper alphabetic constant.
<to be read again> 
                   \Join 
l.60 ...reMathSymbol\Join    {\mathrel}{lasy}{"31}
                                                  
A one-character control sequence belongs after a ` mark.
So I'm essentially inserting \0 here.

! Undefined control sequence.
<recently read> \Join 
                      
l.60 ...reMathSymbol\Join    {\mathrel}{lasy}{"31}
                                                  
The control sequence at the end of the top line
of your error message was never \def'ed. If you have
misspelled it (e.g., `\hobx'), type `I' and the correct
spelling (e.g., `I\hbox'). Otherwise just continue,
and I'll forget about whatever was undefined.

! Improper alphabetic constant.
<to be read again> 
                   \Box 
l.61 ...reMathSymbol\Box     {\mathord}{lasy}{"32}
                                                  
A one-character control sequence belongs after a ` mark.
So I'm essentially inserting \0 here.

! Undefined control sequence.
<recently read> \Box 
                     
l.61 ...reMathSymbol\Box     {\mathord}{lasy}{"32}
                                                  
The control sequence at the end of the top line
of your error message was never \def'ed. If you have
misspelled it (e.g., `\hobx'), type `I' and the correct
spelling (e.g., `I\hbox'). Otherwise just continue,
and I'll forget about whatever was undefined.

! Improper alphabetic constant.
<to be read again> 
                   \Diamond 
l.62 ...reMathSymbol\Diamond {\mathord}{lasy}{"33}
                                                  
A one-character control sequence belongs after a ` mark.
So I'm essentially inserting \0 here.

! Undefined control sequence.
<recently read> \Diamond 
                         
l.62 ...reMathSymbol\Diamond {\mathord}{lasy}{"33}
                                                  
The control sequence at the end of the top line
of your error message was never \def'ed. If you have
misspelled it (e.g., `\hobx'), type `I' and the correct
spelling (e.g., `I\hbox'). Otherwise just continue,
and I'll forget about whatever was undefined.

! Improper alphabetic constant.
<to be read again> 
                   \leadsto 
l.63 ...reMathSymbol\leadsto {\mathrel}{lasy}{"3B}
                                                  
A one-character control sequence belongs after a ` mark.
So I'm essentially inserting \0 here.

! Undefined control sequence.
<recently read> \leadsto 
                         
l.63 ...reMathSymbol\leadsto {\mathrel}{lasy}{"3B}
                                                  
The control sequence at the end of the top line
of your error message was never \def'ed. If you have
misspelled it (e.g., `\hobx'), type `I' and the correct
spelling (e.g., `I\hbox'). Otherwise just continue,
and I'll forget about whatever was undefined.

! Improper alphabetic constant.
<to be read again> 
                   \sqsubset 
l.64 ...reMathSymbol\sqsubset{\mathrel}{lasy}{"3C}
                                                  
A one-character control sequence belongs after a ` mark.
So I'm essentially inserting \0 here.

! Undefined control sequence.
<recently read> \sqsubset 
                          
l.64 ...reMathSymbol\sqsubset{\mathrel}{lasy}{"3C}
                                                  
The control sequence at the end of the top line
of your error message was never \def'ed. If you have
misspelled it (e.g., `\hobx'), type `I' and the correct
spelling (e.g., `I\hbox'). Otherwise just continue,
and I'll forget about whatever was undefined.

! Improper alphabetic constant.
<to be read again> 
                   \sqsupset 
l.65 ...reMathSymbol\sqsupset{\mathrel}{lasy}{"3D}
                                                  
A one-character control sequence belongs after a ` mark.
So I'm essentially inserting \0 here.

! Undefined control sequence.
<recently read> \sqsupset 
                          
l.65 ...reMathSymbol\sqsupset{\mathrel}{lasy}{"3D}
                                                  
The control sequence at the end of the top line
of your error message was never \def'ed. If you have
misspelled it (e.g., `\hobx'), type `I' and the correct
spelling (e.g., `I\hbox'). Otherwise just continue,
and I'll forget about whatever was undefined.

! Improper alphabetic constant.
<to be read again> 
                   \lhd 
l.66 ...reMathSymbol\lhd     {\mathbin}{lasy}{"01}
                                                  
A one-character control sequence belongs after a ` mark.
So I'm essentially inserting \0 here.

! Undefined control sequence.
<recently read> \lhd 
                     
l.66 ...reMathSymbol\lhd     {\mathbin}{lasy}{"01}
                                                  
The control sequence at the end of the top line
of your error message was never \def'ed. If you have
misspelled it (e.g., `\hobx'), type `I' and the correct
spelling (e.g., `I\hbox'). Otherwise just continue,
and I'll forget about whatever was undefined.

! Improper alphabetic constant.
<to be read again> 
                   \unlhd 
l.67 ...reMathSymbol\unlhd   {\mathbin}{lasy}{"02}
                                                  
A one-character control sequence belongs after a ` mark.
So I'm essentially inserting \0 here.

! Undefined control sequence.
<recently read> \unlhd 
                       
l.67 ...reMathSymbol\unlhd   {\mathbin}{lasy}{"02}
                                                  
The control sequence at the end of the top line
of your error message was never \def'ed. If you have
misspelled it (e.g., `\hobx'), type `I' and the correct
spelling (e.g., `I\hbox'). Otherwise just continue,
and I'll forget about whatever was undefined.

! Improper alphabetic constant.
<to be read again> 
                   \rhd 
l.68 ...reMathSymbol\rhd     {\mathbin}{lasy}{"03}
                                                  
A one-character control sequence belongs after a ` mark.
So I'm essentially inserting \0 here.

! Undefined control sequence.
<recently read> \rhd 
                     
l.68 ...reMathSymbol\rhd     {\mathbin}{lasy}{"03}
                                                  
The control sequence at the end of the top line
of your error message was never \def'ed. If you have
misspelled it (e.g., `\hobx'), type `I' and the correct
spelling (e.g., `I\hbox'). Otherwise just continue,
and I'll forget about whatever was undefined.

! Improper alphabetic constant.
<to be read again> 
                   \unrhd 
l.69 ...reMathSymbol\unrhd   {\mathbin}{lasy}{"04}
                                                  
A one-character control sequence belongs after a ` mark.
So I'm essentially inserting \0 here.

! Undefined control sequence.
<recently read> \unrhd 
                       
l.69 ...reMathSymbol\unrhd   {\mathbin}{lasy}{"04}
                                                  
The control sequence at the end of the top line
of your error message was never \def'ed. If you have
misspelled it (e.g., `\hobx'), type `I' and the correct
spelling (e.g., `I\hbox'). Otherwise just continue,
and I'll forget about whatever was undefined.

) ("C:\Users\User\AppData\Local\Programs\MiKTeX 2.9\tex\latex\base\ifthen.sty"
Package: ifthen 2014/09/29 v1.1c Standard LaTeX ifthen package (DPC)
)
("C:\Users\User\AppData\Local\Programs\MiKTeX 2.9\tex\latex\graphics\rotating.s
ty"
Package: rotating 2016/08/11 v2.16d rotated objects in LaTeX
\c@r@tfl@t=\count88
\rotFPtop=\skip43
\rotFPbot=\skip44
\rot@float@box=\box26
\rot@mess@toks=\toks15
) ("C:\Users\User\AppData\Local\Programs\MiKTeX 2.9\tex\latex\tools\calc.sty"
Package: calc 2017/05/25 v4.3 Infix arithmetic (KKT,FJ)
\calc@Acount=\count89
\calc@Bcount=\count90
\calc@Adimen=\dimen105
\calc@Bdimen=\dimen106
\calc@Askip=\skip45
\calc@Bskip=\skip46
LaTeX Info: Redefining \setlength on input line 80.
LaTeX Info: Redefining \addtolength on input line 81.
\calc@Ccount=\count91
\calc@Cskip=\skip47
)
("C:\Users\User\AppData\Local\Programs\MiKTeX 2.9\tex\latex\textcase\textcase.s
ty"
Package: textcase 2004/10/07 v0.07 Text only upper/lower case changing (DPC)
)
("C:\Users\User\AppData\Local\Programs\MiKTeX 2.9\tex\latex\booktabs\booktabs.s
ty"
Package: booktabs 2005/04/14 v1.61803 publication quality tables
\heavyrulewidth=\dimen107
\lightrulewidth=\dimen108
\cmidrulewidth=\dimen109
\belowrulesep=\dimen110
\belowbottomsep=\dimen111
\aboverulesep=\dimen112
\abovetopsep=\dimen113
\cmidrulesep=\dimen114
\cmidrulekern=\dimen115
\defaultaddspace=\dimen116
\@cmidla=\count92
\@cmidlb=\count93
\@aboverulesep=\dimen117
\@belowrulesep=\dimen118
\@thisruleclass=\count94
\@lastruleclass=\count95
\@thisrulewidth=\dimen119
)
("C:\Users\User\AppData\Local\Programs\MiKTeX 2.9\tex\latex\graphics\color.sty"
Package: color 2016/07/10 v1.1e Standard LaTeX Color (DPC)

("C:\Users\User\AppData\Local\Programs\MiKTeX 2.9\tex\latex\graphics-cfg\color.
cfg"
File: color.cfg 2016/01/02 v1.6 sample color configuration
)
Package color Info: Driver file: pdftex.def on input line 147.
)
("C:\Users\User\AppData\Local\Programs\MiKTeX 2.9\tex\latex\endnotes\endnotes.s
ty"
\c@endnote=\count96
\endnotesep=\dimen120
\@enotes=\write3
)
("C:\Users\User\AppData\Local\Programs\MiKTeX 2.9\tex\latex\amsfonts\amsfonts.s
ty"
Package: amsfonts 2013/01/14 v3.01 Basic AMSFonts support
\@emptytoks=\toks16
\symAMSa=\mathgroup5
\symAMSb=\mathgroup6

! Improper alphabetic constant.
<to be read again> 
                   \ulcorner 
l.74 ...elimiter{\ulcorner}{\mathopen} {AMSa}{"70}
                                                  {AMSa}{"70}
A one-character control sequence belongs after a ` mark.
So I'm essentially inserting \0 here.

! Undefined control sequence.
<recently read> \ulcorner 
                          
l.74 ...elimiter{\ulcorner}{\mathopen} {AMSa}{"70}
                                                  {AMSa}{"70}
The control sequence at the end of the top line
of your error message was never \def'ed. If you have
misspelled it (e.g., `\hobx'), type `I' and the correct
spelling (e.g., `I\hbox'). Otherwise just continue,
and I'll forget about whatever was undefined.

! Improper alphabetic constant.
<to be read again> 
                   \ulcorner 
l.74 ...lcorner}{\mathopen} {AMSa}{"70}{AMSa}{"70}
                                                  
A one-character control sequence belongs after a ` mark.
So I'm essentially inserting \0 here.

! Undefined control sequence.
<recently read> \ulcorner 
                          
l.74 ...lcorner}{\mathopen} {AMSa}{"70}{AMSa}{"70}
                                                  
The control sequence at the end of the top line
of your error message was never \def'ed. If you have
misspelled it (e.g., `\hobx'), type `I' and the correct
spelling (e.g., `I\hbox'). Otherwise just continue,
and I'll forget about whatever was undefined.

! Improper alphabetic constant.
<to be read again> 
                   \urcorner 
l.75 ...elimiter{\urcorner}{\mathclose}{AMSa}{"71}
                                                  {AMSa}{"71}
A one-character control sequence belongs after a ` mark.
So I'm essentially inserting \0 here.

! Undefined control sequence.
<recently read> \urcorner 
                          
l.75 ...elimiter{\urcorner}{\mathclose}{AMSa}{"71}
                                                  {AMSa}{"71}
The control sequence at the end of the top line
of your error message was never \def'ed. If you have
misspelled it (e.g., `\hobx'), type `I' and the correct
spelling (e.g., `I\hbox'). Otherwise just continue,
and I'll forget about whatever was undefined.

! Improper alphabetic constant.
<to be read again> 
                   \urcorner 
l.75 ...rcorner}{\mathclose}{AMSa}{"71}{AMSa}{"71}
                                                  
A one-character control sequence belongs after a ` mark.
So I'm essentially inserting \0 here.

! Undefined control sequence.
<recently read> \urcorner 
                          
l.75 ...rcorner}{\mathclose}{AMSa}{"71}{AMSa}{"71}
                                                  
The control sequence at the end of the top line
of your error message was never \def'ed. If you have
misspelled it (e.g., `\hobx'), type `I' and the correct
spelling (e.g., `I\hbox'). Otherwise just continue,
and I'll forget about whatever was undefined.

! Improper alphabetic constant.
<to be read again> 
                   \llcorner 
l.76 ...elimiter{\llcorner}{\mathopen} {AMSa}{"78}
                                                  {AMSa}{"78}
A one-character control sequence belongs after a ` mark.
So I'm essentially inserting \0 here.

! Undefined control sequence.
<recently read> \llcorner 
                          
l.76 ...elimiter{\llcorner}{\mathopen} {AMSa}{"78}
                                                  {AMSa}{"78}
The control sequence at the end of the top line
of your error message was never \def'ed. If you have
misspelled it (e.g., `\hobx'), type `I' and the correct
spelling (e.g., `I\hbox'). Otherwise just continue,
and I'll forget about whatever was undefined.

! Improper alphabetic constant.
<to be read again> 
                   \llcorner 
l.76 ...lcorner}{\mathopen} {AMSa}{"78}{AMSa}{"78}
                                                  
A one-character control sequence belongs after a ` mark.
So I'm essentially inserting \0 here.

! Undefined control sequence.
<recently read> \llcorner 
                          
l.76 ...lcorner}{\mathopen} {AMSa}{"78}{AMSa}{"78}
                                                  
The control sequence at the end of the top line
of your error message was never \def'ed. If you have
misspelled it (e.g., `\hobx'), type `I' and the correct
spelling (e.g., `I\hbox'). Otherwise just continue,
and I'll forget about whatever was undefined.

! Improper alphabetic constant.
<to be read again> 
                   \lrcorner 
l.77 ...elimiter{\lrcorner}{\mathclose}{AMSa}{"79}
                                                  {AMSa}{"79}
A one-character control sequence belongs after a ` mark.
So I'm essentially inserting \0 here.

! Undefined control sequence.
<recently read> \lrcorner 
                          
l.77 ...elimiter{\lrcorner}{\mathclose}{AMSa}{"79}
                                                  {AMSa}{"79}
The control sequence at the end of the top line
of your error message was never \def'ed. If you have
misspelled it (e.g., `\hobx'), type `I' and the correct
spelling (e.g., `I\hbox'). Otherwise just continue,
and I'll forget about whatever was undefined.

! Improper alphabetic constant.
<to be read again> 
                   \lrcorner 
l.77 ...rcorner}{\mathclose}{AMSa}{"79}{AMSa}{"79}
                                                  
A one-character control sequence belongs after a ` mark.
So I'm essentially inserting \0 here.

! Undefined control sequence.
<recently read> \lrcorner 
                          
l.77 ...rcorner}{\mathclose}{AMSa}{"79}{AMSa}{"79}
                                                  
The control sequence at the end of the top line
of your error message was never \def'ed. If you have
misspelled it (e.g., `\hobx'), type `I' and the correct
spelling (e.g., `I\hbox'). Otherwise just continue,
and I'll forget about whatever was undefined.

! Improper alphabetic constant.
<to be read again> 
                   \dabar@ 
l.95 }
      
A one-character control sequence belongs after a ` mark.
So I'm essentially inserting \0 here.

! Undefined control sequence.
<recently read> \dabar@ 
                        
l.95 }
      
The control sequence at the end of the top line
of your error message was never \def'ed. If you have
misspelled it (e.g., `\hobx'), type `I' and the correct
spelling (e.g., `I\hbox'). Otherwise just continue,
and I'll forget about whatever was undefined.

! Undefined control sequence.
<argument> ... \dashrightarrow {\mathrel {\dabar@ 
                                                  \dabar@ \mathchar "0\hexnu...
l.95 }
      
The control sequence at the end of the top line
of your error message was never \def'ed. If you have
misspelled it (e.g., `\hobx'), type `I' and the correct
spelling (e.g., `I\hbox'). Otherwise just continue,
and I'll forget about whatever was undefined.

! Undefined control sequence.
<argument> ...ghtarrow {\mathrel {\dabar@ \dabar@ 
                                                  \mathchar "0\hexnumber@ \s...
l.95 }
      
The control sequence at the end of the top line
of your error message was never \def'ed. If you have
misspelled it (e.g., `\hobx'), type `I' and the correct
spelling (e.g., `I\hbox'). Otherwise just continue,
and I'll forget about whatever was undefined.

! Undefined control sequence.
<argument> ...ar "0\hexnumber@ \symAMSa 4C\dabar@ 
                                                  \dabar@ }}\global \let \da...
l.95 }
      
The control sequence at the end of the top line
of your error message was never \def'ed. If you have
misspelled it (e.g., `\hobx'), type `I' and the correct
spelling (e.g., `I\hbox'). Otherwise just continue,
and I'll forget about whatever was undefined.

! Undefined control sequence.
<argument> ...xnumber@ \symAMSa 4C\dabar@ \dabar@ 
                                                  }}\global \let \dasharrow ...
l.95 }
      
The control sequence at the end of the top line
of your error message was never \def'ed. If you have
misspelled it (e.g., `\hobx'), type `I' and the correct
spelling (e.g., `I\hbox'). Otherwise just continue,
and I'll forget about whatever was undefined.

! Improper alphabetic constant.
<to be read again> 
                   \rightleftharpoons 
l.96 ...l{\rightleftharpoons}{\mathrel}{AMSa}{"0A}
                                                  
A one-character control sequence belongs after a ` mark.
So I'm essentially inserting \0 here.

! Undefined control sequence.
<recently read> \rightleftharpoons 
                                   
l.96 ...l{\rightleftharpoons}{\mathrel}{AMSa}{"0A}
                                                  
The control sequence at the end of the top line
of your error message was never \def'ed. If you have
misspelled it (e.g., `\hobx'), type `I' and the correct
spelling (e.g., `I\hbox'). Otherwise just continue,
and I'll forget about whatever was undefined.

! Improper alphabetic constant.
<to be read again> 
                   \angle 
l.97 ...l{\angle}            {\mathord}{AMSa}{"5C}
                                                  
A one-character control sequence belongs after a ` mark.
So I'm essentially inserting \0 here.

! Undefined control sequence.
<recently read> \angle 
                       
l.97 ...l{\angle}            {\mathord}{AMSa}{"5C}
                                                  
The control sequence at the end of the top line
of your error message was never \def'ed. If you have
misspelled it (e.g., `\hobx'), type `I' and the correct
spelling (e.g., `I\hbox'). Otherwise just continue,
and I'll forget about whatever was undefined.

! Improper alphabetic constant.
<to be read again> 
                   \hbar 
l.98 ...l{\hbar}             {\mathord}{AMSb}{"7E}
                                                  
A one-character control sequence belongs after a ` mark.
So I'm essentially inserting \0 here.

! Undefined control sequence.
<recently read> \hbar 
                      
l.98 ...l{\hbar}             {\mathord}{AMSb}{"7E}
                                                  
The control sequence at the end of the top line
of your error message was never \def'ed. If you have
misspelled it (e.g., `\hobx'), type `I' and the correct
spelling (e.g., `I\hbox'). Otherwise just continue,
and I'll forget about whatever was undefined.

! Improper alphabetic constant.
<to be read again> 
                   \sqsubset 
l.99 ...l{\sqsubset}         {\mathrel}{AMSa}{"40}
                                                  
A one-character control sequence belongs after a ` mark.
So I'm essentially inserting \0 here.

! Undefined control sequence.
<recently read> \sqsubset 
                          
l.99 ...l{\sqsubset}         {\mathrel}{AMSa}{"40}
                                                  
The control sequence at the end of the top line
of your error message was never \def'ed. If you have
misspelled it (e.g., `\hobx'), type `I' and the correct
spelling (e.g., `I\hbox'). Otherwise just continue,
and I'll forget about whatever was undefined.

! Improper alphabetic constant.
<to be read again> 
                   \sqsupset 
l.100 ...{\sqsupset}         {\mathrel}{AMSa}{"41}
                                                  
A one-character control sequence belongs after a ` mark.
So I'm essentially inserting \0 here.

! Undefined control sequence.
<recently read> \sqsupset 
                          
l.100 ...{\sqsupset}         {\mathrel}{AMSa}{"41}
                                                  
The control sequence at the end of the top line
of your error message was never \def'ed. If you have
misspelled it (e.g., `\hobx'), type `I' and the correct
spelling (e.g., `I\hbox'). Otherwise just continue,
and I'll forget about whatever was undefined.

! Improper alphabetic constant.
<to be read again> 
                   \mho 
l.101 ...{\mho}              {\mathord}{AMSb}{"66}
                                                  
A one-character control sequence belongs after a ` mark.
So I'm essentially inserting \0 here.

! Undefined control sequence.
<recently read> \mho 
                     
l.101 ...{\mho}              {\mathord}{AMSb}{"66}
                                                  
The control sequence at the end of the top line
of your error message was never \def'ed. If you have
misspelled it (e.g., `\hobx'), type `I' and the correct
spelling (e.g., `I\hbox'). Otherwise just continue,
and I'll forget about whatever was undefined.

LaTeX Font Info:    Overwriting math alphabet `\mathfrak' in version `bold'
(Font)                  U/euf/m/n --> U/euf/b/n on input line 106.
! Improper alphabetic constant.
<to be read again> 
                   \square 
l.141 ...{\square}           {\mathord}{AMSa}{"03}
                                                  
A one-character control sequence belongs after a ` mark.
So I'm essentially inserting \0 here.

! Undefined control sequence.
<recently read> \square 
                        
l.141 ...{\square}           {\mathord}{AMSa}{"03}
                                                  
The control sequence at the end of the top line
of your error message was never \def'ed. If you have
misspelled it (e.g., `\hobx'), type `I' and the correct
spelling (e.g., `I\hbox'). Otherwise just continue,
and I'll forget about whatever was undefined.

! Improper alphabetic constant.
<to be read again> 
                   \lozenge 
l.142 ...{\lozenge}          {\mathord}{AMSa}{"06}
                                                  
A one-character control sequence belongs after a ` mark.
So I'm essentially inserting \0 here.

! Undefined control sequence.
<recently read> \lozenge 
                         
l.142 ...{\lozenge}          {\mathord}{AMSa}{"06}
                                                  
The control sequence at the end of the top line
of your error message was never \def'ed. If you have
misspelled it (e.g., `\hobx'), type `I' and the correct
spelling (e.g., `I\hbox'). Otherwise just continue,
and I'll forget about whatever was undefined.

! Improper alphabetic constant.
<to be read again> 
                   \vartriangleright 
l.143 ...{\vartriangleright} {\mathrel}{AMSa}{"42}
                                                  
A one-character control sequence belongs after a ` mark.
So I'm essentially inserting \0 here.

! Undefined control sequence.
<recently read> \vartriangleright 
                                  
l.143 ...{\vartriangleright} {\mathrel}{AMSa}{"42}
                                                  
The control sequence at the end of the top line
of your error message was never \def'ed. If you have
misspelled it (e.g., `\hobx'), type `I' and the correct
spelling (e.g., `I\hbox'). Otherwise just continue,
and I'll forget about whatever was undefined.

! Improper alphabetic constant.
<to be read again> 
                   \vartriangleleft 
l.144 ...{\vartriangleleft}  {\mathrel}{AMSa}{"43}
                                                  
A one-character control sequence belongs after a ` mark.
So I'm essentially inserting \0 here.

! Undefined control sequence.
<recently read> \vartriangleleft 
                                 
l.144 ...{\vartriangleleft}  {\mathrel}{AMSa}{"43}
                                                  
The control sequence at the end of the top line
of your error message was never \def'ed. If you have
misspelled it (e.g., `\hobx'), type `I' and the correct
spelling (e.g., `I\hbox'). Otherwise just continue,
and I'll forget about whatever was undefined.

! Improper alphabetic constant.
<to be read again> 
                   \trianglerighteq 
l.145 ...{\trianglerighteq}  {\mathrel}{AMSa}{"44}
                                                  
A one-character control sequence belongs after a ` mark.
So I'm essentially inserting \0 here.

! Undefined control sequence.
<recently read> \trianglerighteq 
                                 
l.145 ...{\trianglerighteq}  {\mathrel}{AMSa}{"44}
                                                  
The control sequence at the end of the top line
of your error message was never \def'ed. If you have
misspelled it (e.g., `\hobx'), type `I' and the correct
spelling (e.g., `I\hbox'). Otherwise just continue,
and I'll forget about whatever was undefined.

! Improper alphabetic constant.
<to be read again> 
                   \trianglelefteq 
l.146 ...{\trianglelefteq}   {\mathrel}{AMSa}{"45}
                                                  
A one-character control sequence belongs after a ` mark.
So I'm essentially inserting \0 here.

! Undefined control sequence.
<recently read> \trianglelefteq 
                                
l.146 ...{\trianglelefteq}   {\mathrel}{AMSa}{"45}
                                                  
The control sequence at the end of the top line
of your error message was never \def'ed. If you have
misspelled it (e.g., `\hobx'), type `I' and the correct
spelling (e.g., `I\hbox'). Otherwise just continue,
and I'll forget about whatever was undefined.

! Improper alphabetic constant.
<to be read again> 
                   \rightsquigarrow 
l.147 ...{\rightsquigarrow}  {\mathrel}{AMSa}{"20}
                                                  
A one-character control sequence belongs after a ` mark.
So I'm essentially inserting \0 here.

! Undefined control sequence.
<recently read> \rightsquigarrow 
                                 
l.147 ...{\rightsquigarrow}  {\mathrel}{AMSa}{"20}
                                                  
The control sequence at the end of the top line
of your error message was never \def'ed. If you have
misspelled it (e.g., `\hobx'), type `I' and the correct
spelling (e.g., `I\hbox'). Otherwise just continue,
and I'll forget about whatever was undefined.

)
("C:\Users\User\AppData\Local\Programs\MiKTeX 2.9\tex\latex\amsfonts\amssymb.st
y"
Package: amssymb 2013/01/14 v3.01 AMS font symbols

! Improper alphabetic constant.
<to be read again> 
                   \boxdot 
l.44 ...ymbol{\boxdot}       {\mathbin}{AMSa}{"00}
                                                  
A one-character control sequence belongs after a ` mark.
So I'm essentially inserting \0 here.

! Undefined control sequence.
<recently read> \boxdot 
                        
l.44 ...ymbol{\boxdot}       {\mathbin}{AMSa}{"00}
                                                  
The control sequence at the end of the top line
of your error message was never \def'ed. If you have
misspelled it (e.g., `\hobx'), type `I' and the correct
spelling (e.g., `I\hbox'). Otherwise just continue,
and I'll forget about whatever was undefined.

! Improper alphabetic constant.
<to be read again> 
                   \boxplus 
l.45 ...ymbol{\boxplus}      {\mathbin}{AMSa}{"01}
                                                  
A one-character control sequence belongs after a ` mark.
So I'm essentially inserting \0 here.

! Undefined control sequence.
<recently read> \boxplus 
                         
l.45 ...ymbol{\boxplus}      {\mathbin}{AMSa}{"01}
                                                  
The control sequence at the end of the top line
of your error message was never \def'ed. If you have
misspelled it (e.g., `\hobx'), type `I' and the correct
spelling (e.g., `I\hbox'). Otherwise just continue,
and I'll forget about whatever was undefined.

! Improper alphabetic constant.
<to be read again> 
                   \boxtimes 
l.46 ...ymbol{\boxtimes}     {\mathbin}{AMSa}{"02}
                                                  
A one-character control sequence belongs after a ` mark.
So I'm essentially inserting \0 here.

! Undefined control sequence.
<recently read> \boxtimes 
                          
l.46 ...ymbol{\boxtimes}     {\mathbin}{AMSa}{"02}
                                                  
The control sequence at the end of the top line
of your error message was never \def'ed. If you have
misspelled it (e.g., `\hobx'), type `I' and the correct
spelling (e.g., `I\hbox'). Otherwise just continue,
and I'll forget about whatever was undefined.

! Improper alphabetic constant.
<to be read again> 
                   \square 
l.47 ...ymbol{\square}       {\mathord}{AMSa}{"03}
                                                  
A one-character control sequence belongs after a ` mark.
So I'm essentially inserting \0 here.

! Missing number, treated as zero.
<to be read again> 
                   \square 
l.47 ...ymbol{\square}       {\mathord}{AMSa}{"03}
                                                  
A number should have been here; I inserted `0'.
(If you can't figure out why I needed to see a number,
look up `weird error' in the index to The TeXbook.)


! LaTeX Error: Missing \begin{document}.

See the LaTeX manual or LaTeX Companion for explanation.
Type  H <return>  for immediate help.
 ...                                              
                                                  
l.47 ...ymbol{\square}       {\mathord}{AMSa}{"03}
                                                  
You're in trouble here.  Try typing  <return>  to proceed.
If that doesn't work, type  X <return>  to quit.

Missing character: There is no = in font nullfont!
Missing character: There is no " in font nullfont!
Missing character: There is no 0 in font nullfont!
Missing character: There is no 5 in font nullfont!
Missing character: There is no 0 in font nullfont!
Missing character: There is no 3 in font nullfont!
! Improper alphabetic constant.
<to be read again> 
                   \blacksquare 
l.48 ...ymbol{\blacksquare}  {\mathord}{AMSa}{"04}
                                                  
A one-character control sequence belongs after a ` mark.
So I'm essentially inserting \0 here.

! Undefined control sequence.
<recently read> \blacksquare 
                             
l.48 ...ymbol{\blacksquare}  {\mathord}{AMSa}{"04}
                                                  
The control sequence at the end of the top line
of your error message was never \def'ed. If you have
misspelled it (e.g., `\hobx'), type `I' and the correct
spelling (e.g., `I\hbox'). Otherwise just continue,
and I'll forget about whatever was undefined.

! Improper alphabetic constant.
<to be read again> 
                   \centerdot 
l.49 ...ymbol{\centerdot}    {\mathbin}{AMSa}{"05}
                                                  
A one-character control sequence belongs after a ` mark.
So I'm essentially inserting \0 here.

! Undefined control sequence.
<recently read> \centerdot 
                           
l.49 ...ymbol{\centerdot}    {\mathbin}{AMSa}{"05}
                                                  
The control sequence at the end of the top line
of your error message was never \def'ed. If you have
misspelled it (e.g., `\hobx'), type `I' and the correct
spelling (e.g., `I\hbox'). Otherwise just continue,
and I'll forget about whatever was undefined.

! Improper alphabetic constant.
<to be read again> 
                   \lozenge 
l.50 ...ymbol{\lozenge}      {\mathord}{AMSa}{"06}
                                                  
A one-character control sequence belongs after a ` mark.
So I'm essentially inserting \0 here.

! Missing number, treated as zero.
<to be read again> 
                   \lozenge 
l.50 ...ymbol{\lozenge}      {\mathord}{AMSa}{"06}
                                                  
A number should have been here; I inserted `0'.
(If you can't figure out why I needed to see a number,
look up `weird error' in the index to The TeXbook.)

Missing character: There is no = in font nullfont!
Missing character: There is no " in font nullfont!
Missing character: There is no 0 in font nullfont!
Missing character: There is no 5 in font nullfont!
Missing character: There is no 0 in font nullfont!
Missing character: There is no 6 in font nullfont!
! Improper alphabetic constant.
<to be read again> 
                   \blacklozenge 
l.51 ...ymbol{\blacklozenge} {\mathord}{AMSa}{"07}
                                                  
A one-character control sequence belongs after a ` mark.
So I'm essentially inserting \0 here.

! Undefined control sequence.
<recently read> \blacklozenge 
                              
l.51 ...ymbol{\blacklozenge} {\mathord}{AMSa}{"07}
                                                  
The control sequence at the end of the top line
of your error message was never \def'ed. If you have
misspelled it (e.g., `\hobx'), type `I' and the correct
spelling (e.g., `I\hbox'). Otherwise just continue,
and I'll forget about whatever was undefined.

! Improper alphabetic constant.
<to be read again> 
                   \circlearrowright 
l.52 ...\circlearrowright}   {\mathrel}{AMSa}{"08}
                                                  
A one-character control sequence belongs after a ` mark.
So I'm essentially inserting \0 here.

! Undefined control sequence.
<recently read> \circlearrowright 
                                  
l.52 ...\circlearrowright}   {\mathrel}{AMSa}{"08}
                                                  
The control sequence at the end of the top line
of your error message was never \def'ed. If you have
misspelled it (e.g., `\hobx'), type `I' and the correct
spelling (e.g., `I\hbox'). Otherwise just continue,
and I'll forget about whatever was undefined.

! Improper alphabetic constant.
<to be read again> 
                   \circlearrowleft 
l.53 ...\circlearrowleft}    {\mathrel}{AMSa}{"09}
                                                  
A one-character control sequence belongs after a ` mark.
So I'm essentially inserting \0 here.

! Undefined control sequence.
<recently read> \circlearrowleft 
                                 
l.53 ...\circlearrowleft}    {\mathrel}{AMSa}{"09}
                                                  
The control sequence at the end of the top line
of your error message was never \def'ed. If you have
misspelled it (e.g., `\hobx'), type `I' and the correct
spelling (e.g., `I\hbox'). Otherwise just continue,
and I'll forget about whatever was undefined.

! Improper alphabetic constant.
<to be read again> 
                   \leftrightharpoons 
l.56 ...\leftrightharpoons}  {\mathrel}{AMSa}{"0B}
                                                  
A one-character control sequence belongs after a ` mark.
So I'm essentially inserting \0 here.

! Undefined control sequence.
<recently read> \leftrightharpoons 
                                   
l.56 ...\leftrightharpoons}  {\mathrel}{AMSa}{"0B}
                                                  
The control sequence at the end of the top line
of your error message was never \def'ed. If you have
misspelled it (e.g., `\hobx'), type `I' and the correct
spelling (e.g., `I\hbox'). Otherwise just continue,
and I'll forget about whatever was undefined.

! Improper alphabetic constant.
<to be read again> 
                   \boxminus 
l.57 ...ymbol{\boxminus}     {\mathbin}{AMSa}{"0C}
                                                  
A one-character control sequence belongs after a ` mark.
So I'm essentially inserting \0 here.

! Undefined control sequence.
<recently read> \boxminus 
                          
l.57 ...ymbol{\boxminus}     {\mathbin}{AMSa}{"0C}
                                                  
The control sequence at the end of the top line
of your error message was never \def'ed. If you have
misspelled it (e.g., `\hobx'), type `I' and the correct
spelling (e.g., `I\hbox'). Otherwise just continue,
and I'll forget about whatever was undefined.

! Improper alphabetic constant.
<to be read again> 
                   \Vdash 
l.58 ...ymbol{\Vdash}        {\mathrel}{AMSa}{"0D}
                                                  
A one-character control sequence belongs after a ` mark.
So I'm essentially inserting \0 here.

! Undefined control sequence.
<recently read> \Vdash 
                       
l.58 ...ymbol{\Vdash}        {\mathrel}{AMSa}{"0D}
                                                  
The control sequence at the end of the top line
of your error message was never \def'ed. If you have
misspelled it (e.g., `\hobx'), type `I' and the correct
spelling (e.g., `I\hbox'). Otherwise just continue,
and I'll forget about whatever was undefined.

! Improper alphabetic constant.
<to be read again> 
                   \Vvdash 
l.59 ...ymbol{\Vvdash}       {\mathrel}{AMSa}{"0E}
                                                  
(That makes 100 errors; please try again.) 
Here is how much of TeX's memory you used:
 1035 strings out of 492965
 14453 string characters out of 3126858
 73127 words of memory out of 3000000
 4943 multiletter control sequences out of 15000+200000
 3640 words of font info for 14 fonts, out of 3000000 for 9000
 1141 hyphenation exceptions out of 8191
 25i,4n,25p,263b,113s stack positions out of 5000i,500n,10000p,200000b,50000s

!  ==> Fatal error occurred, no output PDF file produced!
